<?xml version="1.0" encoding="UTF-8"?>
<!-- Generated by org.testng.reporters.JUnitReportReporter -->
<testsuite hostname="LAPTOP-92M5C8NJ" failures="0" tests="2" name="QAClickAcademy.Validate_Login" time="52.516" errors="0" timestamp="19 Sep 2018 20:58:27 GMT">
  <testcase classname="QAClickAcademy.Validate_Login" name="logincreds" time="23.974"/>
  <testcase classname="QAClickAcademy.Validate_Login" name="LinktoLogin" time="28.542"/>
</testsuite> <!-- QAClickAcademy.Validate_Login -->
